#
# There is insufficient memory for the Java Runtime Environment to continue.
# Native memory allocation (malloc) failed to allocate 176656 bytes for Chunk::new
# Possible reasons:
#   The system is out of physical RAM or swap space
#   The process is running with CompressedOops enabled, and the Java Heap may be blocking the growth of the native heap
# Possible solutions:
#   Reduce memory load on the system
#   Increase physical memory or swap space
#   Check if swap backing store is full
#   Decrease Java heap size (-Xmx/-Xms)
#   Decrease number of Java threads
#   Decrease Java thread stack sizes (-Xss)
#   Set larger code cache with -XX:ReservedCodeCacheSize=
#   JVM is running with Unscaled Compressed Oops mode in which the Java heap is
#     placed in the first 4GB address space. The Java Heap base address is the
#     maximum limit for the native heap growth. Please use -XX:HeapBaseMinAddress
#     to set the Java Heap base and to place the Java Heap above 4GB virtual address.
# This output file may be truncated or incomplete.
#
#  Out of Memory Error (./src/hotspot/share/memory/arena.cpp:197), pid=12844, tid=4968
#
# JRE version: OpenJDK Runtime Environment (11.0.10) (build 11.0.10+0-b96-7249189)
# Java VM: OpenJDK 64-Bit Server VM (11.0.10+0-b96-7249189, mixed mode, tiered, compressed oops, g1 gc, windows-amd64)
# No core dump will be written. Minidumps are not enabled by default on client versions of Windows
#

---------------  S U M M A R Y ------------

Command Line: --add-opens=java.base/java.util=ALL-UNNAMED --add-opens=java.base/java.lang=ALL-UNNAMED --add-opens=java.base/java.lang.invoke=ALL-UNNAMED --add-opens=java.base/java.util=ALL-UNNAMED --add-opens=java.prefs/java.util.prefs=ALL-UNNAMED --add-opens=java.prefs/java.util.prefs=ALL-UNNAMED --add-opens=java.base/java.nio.charset=ALL-UNNAMED --add-opens=java.base/java.net=ALL-UNNAMED --add-opens=java.base/java.util.concurrent.atomic=ALL-UNNAMED -Xmx2048m -Dfile.encoding=UTF-8 -Duser.country=US -Duser.language=en -Duser.variant org.gradle.launcher.daemon.bootstrap.GradleDaemon 7.0.2

Host: Intel(R) Celeron(R) CPU  N3150  @ 1.60GHz, 4 cores, 7G,  Windows 10 , 64 bit Build 19041 (10.0.19041.1348)
Time: Tue Nov 23 12:31:06 2021 Altai Standard Time elapsed time: 235.189918 seconds (0d 0h 3m 55s)

---------------  T H R E A D  ---------------

Current thread (0x0000021d67272000):  JavaThread "C2 CompilerThread0" daemon [_thread_in_native, id=4968, stack(0x000000eb90f00000,0x000000eb91000000)]


Current CompileTask:
C2: 235190 15890       4       com.android.tools.r8.internal.XC::b (682 bytes)

Stack: [0x000000eb90f00000,0x000000eb91000000]
Native frames: (J=compiled Java code, j=interpreted, Vv=VM code, C=native code)
V  [jvm.dll+0x5ecfaa]
V  [jvm.dll+0x722bd5]
V  [jvm.dll+0x72412d]
V  [jvm.dll+0x7247e3]
V  [jvm.dll+0x242928]
V  [jvm.dll+0xbc4fc]
V  [jvm.dll+0xbca0c]
V  [jvm.dll+0x1fae51]
V  [jvm.dll+0x584a45]
V  [jvm.dll+0x58380e]
V  [jvm.dll+0x1fb4a2]
V  [jvm.dll+0x1fa7f4]
V  [jvm.dll+0x18354c]
V  [jvm.dll+0x208ee7]
V  [jvm.dll+0x207731]
V  [jvm.dll+0x6eb1cf]
V  [jvm.dll+0x6e3d45]
V  [jvm.dll+0x5ebe96]
C  [ucrtbase.dll+0x21bb2]
C  [KERNEL32.DLL+0x17034]
C  [ntdll.dll+0x52651]


---------------  P R O C E S S  ---------------

Threads class SMR info:
_java_thread_list=0x0000021d6a845b00, length=53, elements={
0x0000021d4b70d800, 0x0000021d67251800, 0x0000021d6725b800, 0x0000021d67267000,
0x0000021d67268000, 0x0000021d67269800, 0x0000021d67272000, 0x0000021d6727d000,
0x0000021d67281000, 0x0000021d67d38000, 0x0000021d68908800, 0x0000021d694e2800,
0x0000021d692ad800, 0x0000021d69c49000, 0x0000021d69c48800, 0x0000021d69c4a000,
0x0000021d695f5800, 0x0000021d695f1000, 0x0000021d695f7000, 0x0000021d695f8800,
0x0000021d695f3000, 0x0000021d695fb000, 0x0000021d695fa000, 0x0000021d69cec800,
0x0000021d69ce9800, 0x0000021d69cef000, 0x0000021d69c4b000, 0x0000021d69cea800,
0x0000021d69ce7000, 0x0000021d69cec000, 0x0000021d69ce6000, 0x0000021d69ced800,
0x0000021d69ce8000, 0x0000021d69cee800, 0x0000021d69ce8800, 0x0000021d69cf5000,
0x0000021d69cf4000, 0x0000021d69cf0000, 0x0000021d69cf1000, 0x0000021d69cf1800,
0x0000021d69cf2800, 0x0000021d69cf3800, 0x0000021d695f6000, 0x0000021d695f0800,
0x0000021d695f2000, 0x0000021d695fc800, 0x0000021d695ff000, 0x0000021d695fd800,
0x0000021d695fe800, 0x0000021d7041e800, 0x0000021d7041d800, 0x0000021d7041f800,
0x0000021d70420000
}

Java Threads: ( => current thread )
  0x0000021d4b70d800 JavaThread "main" [_thread_blocked, id=12644, stack(0x000000eb90300000,0x000000eb90400000)]
  0x0000021d67251800 JavaThread "Reference Handler" daemon [_thread_blocked, id=13144, stack(0x000000eb90a00000,0x000000eb90b00000)]
  0x0000021d6725b800 JavaThread "Finalizer" daemon [_thread_blocked, id=13108, stack(0x000000eb90b00000,0x000000eb90c00000)]
  0x0000021d67267000 JavaThread "Signal Dispatcher" daemon [_thread_blocked, id=11988, stack(0x000000eb90c00000,0x000000eb90d00000)]
  0x0000021d67268000 JavaThread "Attach Listener" daemon [_thread_blocked, id=11980, stack(0x000000eb90d00000,0x000000eb90e00000)]
  0x0000021d67269800 JavaThread "Service Thread" daemon [_thread_blocked, id=4468, stack(0x000000eb90e00000,0x000000eb90f00000)]
=>0x0000021d67272000 JavaThread "C2 CompilerThread0" daemon [_thread_in_native, id=4968, stack(0x000000eb90f00000,0x000000eb91000000)]
  0x0000021d6727d000 JavaThread "C1 CompilerThread0" daemon [_thread_in_native, id=13220, stack(0x000000eb91000000,0x000000eb91100000)]
  0x0000021d67281000 JavaThread "Sweeper thread" daemon [_thread_blocked, id=10304, stack(0x000000eb91100000,0x000000eb91200000)]
  0x0000021d67d38000 JavaThread "Common-Cleaner" daemon [_thread_blocked, id=11460, stack(0x000000eb91200000,0x000000eb91300000)]
  0x0000021d68908800 JavaThread "Daemon health stats" [_thread_blocked, id=832, stack(0x000000eb91600000,0x000000eb91700000)]
  0x0000021d694e2800 JavaThread "Incoming local TCP Connector on port 61726" [_thread_in_native, id=11316, stack(0x000000eb91700000,0x000000eb91800000)]
  0x0000021d692ad800 JavaThread "Daemon periodic checks" [_thread_blocked, id=10272, stack(0x000000eb91800000,0x000000eb91900000)]
  0x0000021d69c49000 JavaThread "Cache worker for file hash cache (C:\Users\Nadhif\.gradle\caches\7.0.2\fileHashes)" [_thread_blocked, id=11392, stack(0x000000eb92000000,0x000000eb92100000)]
  0x0000021d69c48800 JavaThread "File lock request listener" [_thread_in_native, id=6608, stack(0x000000eb92100000,0x000000eb92200000)]
  0x0000021d69c4a000 JavaThread "Cache worker for journal cache (C:\Users\Nadhif\.gradle\caches\journal-1)" [_thread_blocked, id=11292, stack(0x000000eb92300000,0x000000eb92400000)]
  0x0000021d695f5800 JavaThread "File watcher server" daemon [_thread_in_native, id=3772, stack(0x000000eb92500000,0x000000eb92600000)]
  0x0000021d695f1000 JavaThread "File watcher consumer" daemon [_thread_blocked, id=8184, stack(0x000000eb92600000,0x000000eb92700000)]
  0x0000021d695f7000 JavaThread "Cache worker for execution history cache (C:\Users\Nadhif\.gradle\caches\7.0.2\executionHistory)" [_thread_blocked, id=12476, stack(0x000000eb92a00000,0x000000eb92b00000)]
  0x0000021d695f8800 JavaThread "jar transforms" [_thread_blocked, id=9432, stack(0x000000eb92b00000,0x000000eb92c00000)]
  0x0000021d695f3000 JavaThread "jar transforms Thread 2" [_thread_blocked, id=11116, stack(0x000000eb92c00000,0x000000eb92d00000)]
  0x0000021d695fb000 JavaThread "Cache worker for file content cache (C:\Users\Nadhif\.gradle\caches\7.0.2\fileContent)" [_thread_blocked, id=10340, stack(0x000000eb92d00000,0x000000eb92e00000)]
  0x0000021d695fa000 JavaThread "jar transforms Thread 3" [_thread_blocked, id=12064, stack(0x000000eb92f00000,0x000000eb93000000)]
  0x0000021d69cec800 JavaThread "jar transforms Thread 4" [_thread_blocked, id=4244, stack(0x000000eb93500000,0x000000eb93600000)]
  0x0000021d69ce9800 JavaThread "Memory manager" [_thread_blocked, id=13016, stack(0x000000eb93600000,0x000000eb93700000)]
  0x0000021d69cef000 JavaThread "Cache worker for Java compile cache (C:\Users\Nadhif\.gradle\caches\7.0.2\javaCompile)" [_thread_blocked, id=8276, stack(0x000000eb91e00000,0x000000eb91f00000)]
  0x0000021d69c4b000 JavaThread "Daemon Thread 3" [_thread_blocked, id=12744, stack(0x000000eb90000000,0x000000eb90100000)]
  0x0000021d69cea800 JavaThread "Handler for socket connection from /127.0.0.1:61726 to /127.0.0.1:63831" [_thread_in_native, id=5580, stack(0x000000eb90100000,0x000000eb90200000)]
  0x0000021d69ce7000 JavaThread "Cancel handler" [_thread_blocked, id=10900, stack(0x000000eb90200000,0x000000eb90300000)]
  0x0000021d69cec000 JavaThread "Daemon worker Thread 3" [_thread_blocked, id=396, stack(0x000000eb91900000,0x000000eb91a00000)]
  0x0000021d69ce6000 JavaThread "Asynchronous log dispatcher for DefaultDaemonConnection: socket connection from /127.0.0.1:61726 to /127.0.0.1:63831" [_thread_blocked, id=11368, stack(0x000000eb91a00000,0x000000eb91b00000)]
  0x0000021d69ced800 JavaThread "Stdin handler" [_thread_blocked, id=10200, stack(0x000000eb91b00000,0x000000eb91c00000)]
  0x0000021d69ce8000 JavaThread "Daemon client event forwarder" [_thread_blocked, id=12300, stack(0x000000eb91c00000,0x000000eb91d00000)]
  0x0000021d69cee800 JavaThread "Cache worker for file hash cache (C:\Users\Nadhif\AndroidStudioProjects\T42\.gradle\7.0.2\fileHashes)" [_thread_blocked, id=12168, stack(0x000000eb91d00000,0x000000eb91e00000)]
  0x0000021d69ce8800 JavaThread "Cache worker for checksums cache (C:\Users\Nadhif\AndroidStudioProjects\T42\.gradle\checksums)" [_thread_blocked, id=13020, stack(0x000000eb91f00000,0x000000eb92000000)]
  0x0000021d69cf5000 JavaThread "Cache worker for cache directory md-supplier (C:\Users\Nadhif\.gradle\caches\7.0.2\md-supplier)" [_thread_blocked, id=1524, stack(0x000000eb92400000,0x000000eb92500000)]
  0x0000021d69cf4000 JavaThread "Cache worker for cache directory md-rule (C:\Users\Nadhif\.gradle\caches\7.0.2\md-rule)" [_thread_blocked, id=12360, stack(0x000000eb92700000,0x000000eb92800000)]
  0x0000021d69cf0000 JavaThread "Cache worker for dependencies-accessors (C:\Users\Nadhif\AndroidStudioProjects\T42\.gradle\7.0.2\dependencies-accessors)" [_thread_blocked, id=3052, stack(0x000000eb92800000,0x000000eb92900000)]
  0x0000021d69cf1000 JavaThread "Cache worker for Build Output Cleanup Cache (C:\Users\Nadhif\AndroidStudioProjects\T42\.gradle\buildOutputCleanup)" [_thread_blocked, id=1096, stack(0x000000eb92900000,0x000000eb92a00000)]
  0x0000021d69cf1800 JavaThread "Build operations" [_thread_blocked, id=5464, stack(0x000000eb92e00000,0x000000eb92f00000)]
  0x0000021d69cf2800 JavaThread "Build operations Thread 2" [_thread_blocked, id=4800, stack(0x000000eb93000000,0x000000eb93100000)]
  0x0000021d69cf3800 JavaThread "Build operations Thread 3" [_thread_blocked, id=11908, stack(0x000000eb93100000,0x000000eb93200000)]
  0x0000021d695f6000 JavaThread "Build operations Thread 4" [_thread_blocked, id=7404, stack(0x000000eb93200000,0x000000eb93300000)]
  0x0000021d695f0800 JavaThread "build event listener" [_thread_blocked, id=12544, stack(0x000000eb93300000,0x000000eb93400000)]
  0x0000021d695f2000 JavaThread "Execution worker for ':'" [_thread_blocked, id=12748, stack(0x000000eb93400000,0x000000eb93500000)]
  0x0000021d695fc800 JavaThread "Execution worker for ':' Thread 2" [_thread_blocked, id=11416, stack(0x000000eb93700000,0x000000eb93800000)]
  0x0000021d695ff000 JavaThread "Cache worker for execution history cache (C:\Users\Nadhif\AndroidStudioProjects\T42\.gradle\7.0.2\executionHistory)" [_thread_blocked, id=11844, stack(0x000000eb93800000,0x000000eb93900000)]
  0x0000021d695fd800 JavaThread "Execution worker for ':' Thread 3" [_thread_blocked, id=12988, stack(0x000000eb93900000,0x000000eb93a00000)]
  0x0000021d695fe800 JavaThread "Cache worker for Java compile cache (C:\Users\Nadhif\AndroidStudioProjects\T42\.gradle\7.0.2\javaCompile)" [_thread_blocked, id=12296, stack(0x000000eb93a00000,0x000000eb93b00000)]
  0x0000021d7041e800 JavaThread "WorkerExecutor Queue" [_thread_blocked, id=5304, stack(0x000000eb93b00000,0x000000eb93c00000)]
  0x0000021d7041d800 JavaThread "WorkerExecutor Queue Thread 2" [_thread_blocked, id=9464, stack(0x000000eb93c00000,0x000000eb93d00000)]
  0x0000021d7041f800 JavaThread "WorkerExecutor Queue Thread 3" [_thread_in_vm, id=3428, stack(0x000000eb93d00000,0x000000eb93e00000)]
  0x0000021d70420000 JavaThread "WorkerExecutor Queue Thread 4" [_thread_in_Java, id=10048, stack(0x000000eb94100000,0x000000eb94200000)]

Other Threads:
  0x0000021d6724d800 VMThread "VM Thread" [stack: 0x000000eb90900000,0x000000eb90a00000] [id=3688]
  0x0000021d67d66000 WatcherThread [stack: 0x000000eb91300000,0x000000eb91400000] [id=5536]
  0x0000021d4b724800 GCTaskThread "GC Thread#0" [stack: 0x000000eb90400000,0x000000eb90500000] [id=9988]
  0x0000021d68567800 GCTaskThread "GC Thread#1" [stack: 0x000000eb91400000,0x000000eb91500000] [id=10768]
  0x0000021d67ff9800 GCTaskThread "GC Thread#2" [stack: 0x000000eb91500000,0x000000eb91600000] [id=8924]
  0x0000021d692ae800 GCTaskThread "GC Thread#3" [stack: 0x000000eb92200000,0x000000eb92300000] [id=11624]
  0x0000021d4b755800 ConcurrentGCThread "G1 Main Marker" [stack: 0x000000eb90500000,0x000000eb90600000] [id=13100]
  0x0000021d4b757800 ConcurrentGCThread "G1 Conc#0" [stack: 0x000000eb90600000,0x000000eb90700000] [id=13280]
  0x0000021d4b7ea000 ConcurrentGCThread "G1 Refine#0" [stack: 0x000000eb90700000,0x000000eb90800000] [id=2044]
  0x0000021d6bd1f800 ConcurrentGCThread "G1 Refine#1" [stack: 0x000000eb93e00000,0x000000eb93f00000] [id=2464]
  0x0000021d6a6ff000 ConcurrentGCThread "G1 Refine#2" [stack: 0x000000eb93f00000,0x000000eb94000000] [id=12236]
  0x0000021d6a6ff800 ConcurrentGCThread "G1 Refine#3" [stack: 0x000000eb94000000,0x000000eb94100000] [id=11012]
  0x0000021d4b7eb000 ConcurrentGCThread "G1 Young RemSet Sampling" [stack: 0x000000eb90800000,0x000000eb90900000] [id=5000]

Threads with active compile tasks:
C2 CompilerThread0 235334 15890       4       com.android.tools.r8.internal.XC::b (682 bytes)

VM state:not at safepoint (normal execution)

VM Mutex/Monitor currently owned by a thread:  ([mutex/lock_event])
[0x0000021d4b70a320] CompiledIC_lock - owner thread: 0x0000021d7041f800

Heap address: 0x0000000080000000, size: 2048 MB, Compressed Oops mode: 32-bit
Narrow klass base: 0x0000000000000000, Narrow klass shift: 3
Compressed class space size: 1073741824 Address: 0x0000000100000000

Heap:
 garbage-first heap   total 159744K, used 104741K [0x0000000080000000, 0x0000000100000000)
  region size 1024K, 2 young (2048K), 1 survivors (1024K)
 Metaspace       used 110636K, capacity 113796K, committed 113996K, reserved 1153024K
  class space    used 14191K, capacity 15380K, committed 15436K, reserved 1048576K
Heap Regions: E=young(eden), S=young(survivor), O=old, HS=humongous(starts), HC=humongous(continues), CS=collection set, F=free, A=archive, TAMS=top-at-mark-start (previous, next)
|   0|0x0000000080000000, 0x0000000080100000, 0x0000000080100000|100%| O|  |TAMS 0x0000000080100000, 0x0000000080100000| Untracked 
|   1|0x0000000080100000, 0x0000000080200000, 0x0000000080200000|100%| O|  |TAMS 0x0000000080200000, 0x0000000080200000| Untracked 
|   2|0x0000000080200000, 0x0000000080300000, 0x0000000080300000|100%| O|  |TAMS 0x0000000080300000, 0x0000000080300000| Untracked 
|   3|0x0000000080300000, 0x0000000080400000, 0x0000000080400000|100%|HS|  |TAMS 0x0000000080400000, 0x0000000080400000| Complete 
|   4|0x0000000080400000, 0x0000000080500000, 0x0000000080500000|100%|HC|  |TAMS 0x0000000080500000, 0x0000000080500000| Complete 
|   5|0x0000000080500000, 0x0000000080600000, 0x0000000080600000|100%|HC|  |TAMS 0x0000000080600000, 0x0000000080600000| Complete 
|   6|0x0000000080600000, 0x0000000080700000, 0x0000000080700000|100%| O|  |TAMS 0x0000000080700000, 0x0000000080700000| Untracked 
|   7|0x0000000080700000, 0x0000000080800000, 0x0000000080800000|100%| O|  |TAMS 0x0000000080800000, 0x0000000080800000| Untracked 
|   8|0x0000000080800000, 0x0000000080900000, 0x0000000080900000|100%| O|  |TAMS 0x0000000080900000, 0x0000000080900000| Untracked 
|   9|0x0000000080900000, 0x0000000080a00000, 0x0000000080a00000|100%| O|  |TAMS 0x0000000080a00000, 0x0000000080a00000| Untracked 
|  10|0x0000000080a00000, 0x0000000080b00000, 0x0000000080b00000|100%| O|  |TAMS 0x0000000080b00000, 0x0000000080b00000| Untracked 
|  11|0x0000000080b00000, 0x0000000080c00000, 0x0000000080c00000|100%| O|  |TAMS 0x0000000080c00000, 0x0000000080c00000| Untracked 
|  12|0x0000000080c00000, 0x0000000080d00000, 0x0000000080d00000|100%| O|  |TAMS 0x0000000080d00000, 0x0000000080d00000| Untracked 
|  13|0x0000000080d00000, 0x0000000080e00000, 0x0000000080e00000|100%| O|  |TAMS 0x0000000080e00000, 0x0000000080e00000| Untracked 
|  14|0x0000000080e00000, 0x0000000080f00000, 0x0000000080f00000|100%| O|  |TAMS 0x0000000080f00000, 0x0000000080f00000| Untracked 
|  15|0x0000000080f00000, 0x0000000081000000, 0x0000000081000000|100%| O|  |TAMS 0x0000000081000000, 0x0000000081000000| Untracked 
|  16|0x0000000081000000, 0x0000000081100000, 0x0000000081100000|100%| O|  |TAMS 0x0000000081100000, 0x0000000081100000| Untracked 
|  17|0x0000000081100000, 0x0000000081200000, 0x0000000081200000|100%|HS|  |TAMS 0x0000000081200000, 0x0000000081200000| Complete 
|  18|0x0000000081200000, 0x0000000081300000, 0x0000000081300000|100%| O|  |TAMS 0x0000000081300000, 0x0000000081300000| Untracked 
|  19|0x0000000081300000, 0x0000000081400000, 0x0000000081400000|100%| O|  |TAMS 0x0000000081400000, 0x0000000081400000| Untracked 
|  20|0x0000000081400000, 0x0000000081500000, 0x0000000081500000|100%| O|  |TAMS 0x0000000081500000, 0x0000000081500000| Untracked 
|  21|0x0000000081500000, 0x0000000081600000, 0x0000000081600000|100%| O|  |TAMS 0x0000000081600000, 0x0000000081600000| Untracked 
|  22|0x0000000081600000, 0x0000000081700000, 0x0000000081700000|100%| O|  |TAMS 0x0000000081700000, 0x0000000081700000| Untracked 
|  23|0x0000000081700000, 0x0000000081800000, 0x0000000081800000|100%|HS|  |TAMS 0x0000000081800000, 0x0000000081800000| Complete 
|  24|0x0000000081800000, 0x0000000081900000, 0x0000000081900000|100%|HS|  |TAMS 0x0000000081900000, 0x0000000081900000| Complete 
|  25|0x0000000081900000, 0x0000000081a00000, 0x0000000081a00000|100%|HC|  |TAMS 0x0000000081a00000, 0x0000000081a00000| Complete 
|  26|0x0000000081a00000, 0x0000000081b00000, 0x0000000081b00000|100%| O|  |TAMS 0x0000000081b00000, 0x0000000081b00000| Untracked 
|  27|0x0000000081b00000, 0x0000000081c00000, 0x0000000081c00000|100%| O|  |TAMS 0x0000000081c00000, 0x0000000081c00000| Untracked 
|  28|0x0000000081c00000, 0x0000000081d00000, 0x0000000081d00000|100%| O|  |TAMS 0x0000000081d00000, 0x0000000081d00000| Untracked 
|  29|0x0000000081d00000, 0x0000000081e00000, 0x0000000081e00000|100%| O|  |TAMS 0x0000000081e00000, 0x0000000081e00000| Untracked 
|  30|0x0000000081e00000, 0x0000000081f00000, 0x0000000081f00000|100%| O|  |TAMS 0x0000000081f00000, 0x0000000081f00000| Untracked 
|  31|0x0000000081f00000, 0x0000000082000000, 0x0000000082000000|100%| O|  |TAMS 0x0000000082000000, 0x0000000082000000| Untracked 
|  32|0x0000000082000000, 0x0000000082100000, 0x0000000082100000|100%| O|  |TAMS 0x0000000082100000, 0x0000000082100000| Untracked 
|  33|0x0000000082100000, 0x0000000082200000, 0x0000000082200000|100%| O|  |TAMS 0x0000000082200000, 0x0000000082200000| Untracked 
|  34|0x0000000082200000, 0x0000000082300000, 0x0000000082300000|100%| O|  |TAMS 0x0000000082300000, 0x0000000082300000| Untracked 
|  35|0x0000000082300000, 0x0000000082400000, 0x0000000082400000|100%| O|  |TAMS 0x0000000082400000, 0x0000000082400000| Untracked 
|  36|0x0000000082400000, 0x0000000082500000, 0x0000000082500000|100%| O|  |TAMS 0x0000000082500000, 0x0000000082500000| Untracked 
|  37|0x0000000082500000, 0x0000000082600000, 0x0000000082600000|100%| O|  |TAMS 0x0000000082600000, 0x0000000082600000| Untracked 
|  38|0x0000000082600000, 0x0000000082700000, 0x0000000082700000|100%| O|  |TAMS 0x0000000082700000, 0x0000000082700000| Untracked 
|  39|0x0000000082700000, 0x0000000082800000, 0x0000000082800000|100%| O|  |TAMS 0x0000000082800000, 0x0000000082800000| Untracked 
|  40|0x0000000082800000, 0x0000000082900000, 0x0000000082900000|100%| O|  |TAMS 0x0000000082900000, 0x0000000082900000| Untracked 
|  41|0x0000000082900000, 0x0000000082a00000, 0x0000000082a00000|100%| O|  |TAMS 0x0000000082a00000, 0x0000000082a00000| Untracked 
|  42|0x0000000082a00000, 0x0000000082b00000, 0x0000000082b00000|100%| O|  |TAMS 0x0000000082b00000, 0x0000000082b00000| Untracked 
|  43|0x0000000082b00000, 0x0000000082c00000, 0x0000000082c00000|100%| O|  |TAMS 0x0000000082c00000, 0x0000000082c00000| Untracked 
|  44|0x0000000082c00000, 0x0000000082d00000, 0x0000000082d00000|100%| O|  |TAMS 0x0000000082d00000, 0x0000000082d00000| Untracked 
|  45|0x0000000082d00000, 0x0000000082e00000, 0x0000000082e00000|100%| O|  |TAMS 0x0000000082e00000, 0x0000000082e00000| Untracked 
|  46|0x0000000082e00000, 0x0000000082f00000, 0x0000000082f00000|100%| O|  |TAMS 0x0000000082f00000, 0x0000000082f00000| Untracked 
|  47|0x0000000082f00000, 0x0000000083000000, 0x0000000083000000|100%| O|  |TAMS 0x0000000083000000, 0x0000000083000000| Untracked 
|  48|0x0000000083000000, 0x0000000083100000, 0x0000000083100000|100%| O|  |TAMS 0x0000000083100000, 0x0000000083100000| Untracked 
|  49|0x0000000083100000, 0x0000000083200000, 0x0000000083200000|100%| O|  |TAMS 0x0000000083200000, 0x0000000083200000| Untracked 
|  50|0x0000000083200000, 0x0000000083300000, 0x0000000083300000|100%| O|  |TAMS 0x0000000083300000, 0x0000000083300000| Untracked 
|  51|0x0000000083300000, 0x0000000083400000, 0x0000000083400000|100%| O|  |TAMS 0x0000000083400000, 0x0000000083400000| Untracked 
|  52|0x0000000083400000, 0x0000000083500000, 0x0000000083500000|100%| O|  |TAMS 0x0000000083500000, 0x0000000083500000| Untracked 
|  53|0x0000000083500000, 0x0000000083600000, 0x0000000083600000|100%| O|  |TAMS 0x0000000083600000, 0x0000000083600000| Untracked 
|  54|0x0000000083600000, 0x0000000083700000, 0x0000000083700000|100%| O|  |TAMS 0x0000000083700000, 0x0000000083700000| Untracked 
|  55|0x0000000083700000, 0x0000000083800000, 0x0000000083800000|100%| O|  |TAMS 0x0000000083800000, 0x0000000083800000| Untracked 
|  56|0x0000000083800000, 0x0000000083900000, 0x0000000083900000|100%| O|  |TAMS 0x0000000083900000, 0x0000000083900000| Untracked 
|  57|0x0000000083900000, 0x0000000083a00000, 0x0000000083a00000|100%| O|  |TAMS 0x0000000083900000, 0x0000000083a00000| Untracked 
|  58|0x0000000083a00000, 0x0000000083b00000, 0x0000000083b00000|100%| O|  |TAMS 0x0000000083b00000, 0x0000000083b00000| Untracked 
|  59|0x0000000083b00000, 0x0000000083c00000, 0x0000000083c00000|100%| O|  |TAMS 0x0000000083c00000, 0x0000000083c00000| Untracked 
|  60|0x0000000083c00000, 0x0000000083d00000, 0x0000000083d00000|100%| O|  |TAMS 0x0000000083c00000, 0x0000000083d00000| Untracked 
|  61|0x0000000083d00000, 0x0000000083e00000, 0x0000000083e00000|100%| O|  |TAMS 0x0000000083d00000, 0x0000000083e00000| Untracked 
|  62|0x0000000083e00000, 0x0000000083f00000, 0x0000000083f00000|100%| O|  |TAMS 0x0000000083f00000, 0x0000000083f00000| Untracked 
|  63|0x0000000083f00000, 0x0000000084000000, 0x0000000084000000|100%| O|  |TAMS 0x0000000083f00000, 0x0000000084000000| Untracked 
|  64|0x0000000084000000, 0x0000000084100000, 0x0000000084100000|100%| O|  |TAMS 0x0000000084100000, 0x0000000084100000| Untracked 
|  65|0x0000000084100000, 0x0000000084200000, 0x0000000084200000|100%| O|  |TAMS 0x0000000084200000, 0x0000000084200000| Untracked 
|  66|0x0000000084200000, 0x0000000084300000, 0x0000000084300000|100%| O|  |TAMS 0x0000000084200000, 0x0000000084300000| Untracked 
|  67|0x0000000084300000, 0x0000000084400000, 0x0000000084400000|100%| O|  |TAMS 0x0000000084300000, 0x0000000084400000| Untracked 
|  68|0x0000000084400000, 0x0000000084500000, 0x0000000084500000|100%| O|  |TAMS 0x0000000084500000, 0x0000000084500000| Untracked 
|  69|0x0000000084500000, 0x0000000084600000, 0x0000000084600000|100%| O|  |TAMS 0x0000000084600000, 0x0000000084600000| Untracked 
|  70|0x0000000084600000, 0x0000000084700000, 0x0000000084700000|100%| O|  |TAMS 0x0000000084600000, 0x0000000084700000| Untracked 
|  71|0x0000000084700000, 0x0000000084800000, 0x0000000084800000|100%| O|  |TAMS 0x0000000084700000, 0x0000000084800000| Untracked 
|  72|0x0000000084800000, 0x0000000084900000, 0x0000000084900000|100%| O|  |TAMS 0x0000000084900000, 0x0000000084900000| Untracked 
|  73|0x0000000084900000, 0x0000000084a00000, 0x0000000084a00000|100%| O|  |TAMS 0x0000000084a00000, 0x0000000084a00000| Untracked 
|  74|0x0000000084a00000, 0x0000000084b00000, 0x0000000084b00000|100%| O|  |TAMS 0x0000000084a00000, 0x0000000084b00000| Untracked 
|  75|0x0000000084b00000, 0x0000000084c00000, 0x0000000084c00000|100%| O|  |TAMS 0x0000000084c00000, 0x0000000084c00000| Untracked 
|  76|0x0000000084c00000, 0x0000000084d00000, 0x0000000084d00000|100%| O|  |TAMS 0x0000000084d00000, 0x0000000084d00000| Untracked 
|  77|0x0000000084d00000, 0x0000000084e00000, 0x0000000084e00000|100%| O|  |TAMS 0x0000000084e00000, 0x0000000084e00000| Untracked 
|  78|0x0000000084e00000, 0x0000000084f00000, 0x0000000084f00000|100%| O|  |TAMS 0x0000000084f00000, 0x0000000084f00000| Untracked 
|  79|0x0000000084f00000, 0x0000000085000000, 0x0000000085000000|100%| O|  |TAMS 0x0000000085000000, 0x0000000085000000| Untracked 
|  80|0x0000000085000000, 0x0000000085100000, 0x0000000085100000|100%| O|  |TAMS 0x0000000085100000, 0x0000000085100000| Untracked 
|  81|0x0000000085100000, 0x0000000085200000, 0x0000000085200000|100%| O|  |TAMS 0x0000000085200000, 0x0000000085200000| Untracked 
|  82|0x0000000085200000, 0x0000000085300000, 0x0000000085300000|100%| O|  |TAMS 0x0000000085300000, 0x0000000085300000| Untracked 
|  83|0x0000000085300000, 0x0000000085400000, 0x0000000085400000|100%| O|  |TAMS 0x0000000085389600, 0x0000000085400000| Untracked 
|  84|0x0000000085400000, 0x0000000085500000, 0x0000000085500000|100%|HS|  |TAMS 0x0000000085400000, 0x0000000085500000| Complete 
|  85|0x0000000085500000, 0x0000000085600000, 0x0000000085600000|100%|HC|  |TAMS 0x0000000085500000, 0x0000000085600000| Complete 
|  86|0x0000000085600000, 0x0000000085700000, 0x0000000085700000|100%| O|  |TAMS 0x0000000085600000, 0x0000000085700000| Untracked 
|  87|0x0000000085700000, 0x0000000085800000, 0x0000000085800000|100%| O|  |TAMS 0x0000000085700000, 0x0000000085800000| Untracked 
|  88|0x0000000085800000, 0x0000000085900000, 0x0000000085900000|100%| O|  |TAMS 0x0000000085800000, 0x0000000085900000| Untracked 
|  89|0x0000000085900000, 0x0000000085a00000, 0x0000000085a00000|100%| O|  |TAMS 0x0000000085900000, 0x0000000085a00000| Untracked 
|  90|0x0000000085a00000, 0x0000000085b00000, 0x0000000085b00000|100%| O|  |TAMS 0x0000000085a00000, 0x0000000085b00000| Untracked 
|  91|0x0000000085b00000, 0x0000000085c00000, 0x0000000085c00000|100%| O|  |TAMS 0x0000000085b00000, 0x0000000085c00000| Untracked 
|  92|0x0000000085c00000, 0x0000000085d00000, 0x0000000085d00000|100%| O|  |TAMS 0x0000000085c00000, 0x0000000085d00000| Untracked 
|  93|0x0000000085d00000, 0x0000000085e00000, 0x0000000085e00000|100%| O|  |TAMS 0x0000000085d00000, 0x0000000085e00000| Untracked 
|  94|0x0000000085e00000, 0x0000000085f00000, 0x0000000085f00000|100%| O|  |TAMS 0x0000000085e00000, 0x0000000085f00000| Untracked 
|  95|0x0000000085f00000, 0x0000000086000000, 0x0000000086000000|100%| O|  |TAMS 0x0000000085f00000, 0x0000000086000000| Untracked 
|  96|0x0000000086000000, 0x0000000086100000, 0x0000000086100000|100%| O|  |TAMS 0x0000000086000000, 0x0000000086100000| Untracked 
|  97|0x0000000086100000, 0x0000000086200000, 0x0000000086200000|100%| O|  |TAMS 0x0000000086100000, 0x0000000086200000| Untracked 
|  98|0x0000000086200000, 0x0000000086300000, 0x0000000086300000|100%| O|  |TAMS 0x0000000086200000, 0x0000000086300000| Untracked 
|  99|0x0000000086300000, 0x0000000086400000, 0x0000000086400000|100%| O|  |TAMS 0x0000000086300000, 0x0000000086400000| Untracked 
| 100|0x0000000086400000, 0x0000000086449400, 0x0000000086500000| 28%| O|  |TAMS 0x0000000086400000, 0x0000000086449400| Untracked 
| 101|0x0000000086500000, 0x0000000086500000, 0x0000000086600000|  0%| F|  |TAMS 0x0000000086500000, 0x0000000086500000| Untracked 
| 102|0x0000000086600000, 0x0000000086600000, 0x0000000086700000|  0%| F|  |TAMS 0x0000000086600000, 0x0000000086600000| Untracked 
| 103|0x0000000086700000, 0x0000000086700000, 0x0000000086800000|  0%| F|  |TAMS 0x0000000086700000, 0x0000000086700000| Untracked 
| 104|0x0000000086800000, 0x0000000086800000, 0x0000000086900000|  0%| F|  |TAMS 0x0000000086800000, 0x0000000086800000| Untracked 
| 105|0x0000000086900000, 0x0000000086900000, 0x0000000086a00000|  0%| F|  |TAMS 0x0000000086900000, 0x0000000086900000| Untracked 
| 106|0x0000000086a00000, 0x0000000086a00000, 0x0000000086b00000|  0%| F|  |TAMS 0x0000000086a00000, 0x0000000086a00000| Untracked 
| 107|0x0000000086b00000, 0x0000000086b00000, 0x0000000086c00000|  0%| F|  |TAMS 0x0000000086b00000, 0x0000000086b00000| Untracked 
| 108|0x0000000086c00000, 0x0000000086c00000, 0x0000000086d00000|  0%| F|  |TAMS 0x0000000086c00000, 0x0000000086c00000| Untracked 
| 109|0x0000000086d00000, 0x0000000086d00000, 0x0000000086e00000|  0%| F|  |TAMS 0x0000000086d00000, 0x0000000086d00000| Untracked 
| 110|0x0000000086e00000, 0x0000000086e00000, 0x0000000086f00000|  0%| F|  |TAMS 0x0000000086e00000, 0x0000000086e00000| Untracked 
| 111|0x0000000086f00000, 0x0000000086f00000, 0x0000000087000000|  0%| F|  |TAMS 0x0000000086f00000, 0x0000000086f00000| Untracked 
| 112|0x0000000087000000, 0x0000000087000000, 0x0000000087100000|  0%| F|  |TAMS 0x0000000087000000, 0x0000000087000000| Untracked 
| 113|0x0000000087100000, 0x0000000087100000, 0x0000000087200000|  0%| F|  |TAMS 0x0000000087100000, 0x0000000087100000| Untracked 
| 114|0x0000000087200000, 0x0000000087200000, 0x0000000087300000|  0%| F|  |TAMS 0x0000000087200000, 0x0000000087200000| Untracked 
| 115|0x0000000087300000, 0x0000000087300000, 0x0000000087400000|  0%| F|  |TAMS 0x0000000087300000, 0x0000000087300000| Untracked 
| 116|0x0000000087400000, 0x0000000087400000, 0x0000000087500000|  0%| F|  |TAMS 0x0000000087400000, 0x0000000087400000| Untracked 
| 117|0x0000000087500000, 0x0000000087500000, 0x0000000087600000|  0%| F|  |TAMS 0x0000000087500000, 0x0000000087500000| Untracked 
| 118|0x0000000087600000, 0x0000000087600000, 0x0000000087700000|  0%| F|  |TAMS 0x0000000087600000, 0x0000000087600000| Untracked 
| 119|0x0000000087700000, 0x0000000087700000, 0x0000000087800000|  0%| F|  |TAMS 0x0000000087700000, 0x0000000087700000| Untracked 
| 120|0x0000000087800000, 0x0000000087800000, 0x0000000087900000|  0%| F|  |TAMS 0x0000000087800000, 0x0000000087800000| Untracked 
| 121|0x0000000087900000, 0x0000000087900000, 0x0000000087a00000|  0%| F|  |TAMS 0x0000000087900000, 0x0000000087900000| Untracked 
| 122|0x0000000087a00000, 0x0000000087a00000, 0x0000000087b00000|  0%| F|  |TAMS 0x0000000087a00000, 0x0000000087a00000| Untracked 
| 123|0x0000000087b00000, 0x0000000087b00000, 0x0000000087c00000|  0%| F|  |TAMS 0x0000000087b00000, 0x0000000087b00000| Untracked 
| 124|0x0000000087c00000, 0x0000000087c00000, 0x0000000087d00000|  0%| F|  |TAMS 0x0000000087c00000, 0x0000000087c00000| Untracked 
| 125|0x0000000087d00000, 0x0000000087d00000, 0x0000000087e00000|  0%| F|  |TAMS 0x0000000087d00000, 0x0000000087d00000| Untracked 
| 126|0x0000000087e00000, 0x0000000087e00000, 0x0000000087f00000|  0%| F|  |TAMS 0x0000000087e00000, 0x0000000087e00000| Untracked 
| 127|0x0000000087f00000, 0x0000000087f00000, 0x0000000088000000|  0%| F|  |TAMS 0x0000000087f00000, 0x0000000087f00000| Untracked 
| 128|0x0000000088000000, 0x0000000088000000, 0x0000000088100000|  0%| F|  |TAMS 0x0000000088000000, 0x0000000088000000| Untracked 
| 129|0x0000000088100000, 0x0000000088100000, 0x0000000088200000|  0%| F|  |TAMS 0x0000000088100000, 0x0000000088100000| Untracked 
| 130|0x0000000088200000, 0x0000000088200000, 0x0000000088300000|  0%| F|  |TAMS 0x0000000088200000, 0x0000000088200000| Untracked 
| 131|0x0000000088300000, 0x0000000088300000, 0x0000000088400000|  0%| F|  |TAMS 0x0000000088300000, 0x0000000088300000| Untracked 
| 132|0x0000000088400000, 0x0000000088400000, 0x0000000088500000|  0%| F|  |TAMS 0x0000000088400000, 0x0000000088400000| Untracked 
| 133|0x0000000088500000, 0x0000000088500000, 0x0000000088600000|  0%| F|  |TAMS 0x0000000088500000, 0x0000000088500000| Untracked 
| 134|0x0000000088600000, 0x0000000088600000, 0x0000000088700000|  0%| F|  |TAMS 0x0000000088600000, 0x0000000088600000| Untracked 
| 135|0x0000000088700000, 0x0000000088700000, 0x0000000088800000|  0%| F|  |TAMS 0x0000000088700000, 0x0000000088700000| Untracked 
| 136|0x0000000088800000, 0x0000000088800000, 0x0000000088900000|  0%| F|  |TAMS 0x0000000088800000, 0x0000000088800000| Untracked 
| 137|0x0000000088900000, 0x0000000088900000, 0x0000000088a00000|  0%| F|  |TAMS 0x0000000088900000, 0x0000000088900000| Untracked 
| 138|0x0000000088a00000, 0x0000000088a00000, 0x0000000088b00000|  0%| F|  |TAMS 0x0000000088a00000, 0x0000000088a00000| Untracked 
| 139|0x0000000088b00000, 0x0000000088b00000, 0x0000000088c00000|  0%| F|  |TAMS 0x0000000088b00000, 0x0000000088b00000| Untracked 
| 140|0x0000000088c00000, 0x0000000088c00000, 0x0000000088d00000|  0%| F|  |TAMS 0x0000000088c00000, 0x0000000088c00000| Untracked 
| 141|0x0000000088d00000, 0x0000000088d00000, 0x0000000088e00000|  0%| F|  |TAMS 0x0000000088d00000, 0x0000000088d00000| Untracked 
| 142|0x0000000088e00000, 0x0000000088e00000, 0x0000000088f00000|  0%| F|  |TAMS 0x0000000088e00000, 0x0000000088e00000| Untracked 
| 143|0x0000000088f00000, 0x0000000088f00000, 0x0000000089000000|  0%| F|  |TAMS 0x0000000088f00000, 0x0000000088f00000| Untracked 
| 144|0x0000000089000000, 0x0000000089000000, 0x0000000089100000|  0%| F|  |TAMS 0x0000000089000000, 0x0000000089000000| Untracked 
| 145|0x0000000089100000, 0x0000000089100000, 0x0000000089200000|  0%| F|  |TAMS 0x0000000089100000, 0x0000000089100000| Untracked 
| 146|0x0000000089200000, 0x0000000089200000, 0x0000000089300000|  0%| F|  |TAMS 0x0000000089200000, 0x0000000089200000| Untracked 
| 147|0x0000000089300000, 0x0000000089300000, 0x0000000089400000|  0%| F|  |TAMS 0x0000000089300000, 0x0000000089300000| Untracked 
| 148|0x0000000089400000, 0x0000000089400000, 0x0000000089500000|  0%| F|  |TAMS 0x0000000089400000, 0x0000000089400000| Untracked 
| 149|0x0000000089500000, 0x0000000089500000, 0x0000000089600000|  0%| F|  |TAMS 0x0000000089500000, 0x0000000089500000| Untracked 
| 150|0x0000000089600000, 0x0000000089700000, 0x0000000089700000|100%| S|CS|TAMS 0x0000000089600000, 0x0000000089600000| Complete 
| 151|0x0000000089700000, 0x0000000089700000, 0x0000000089800000|  0%| F|  |TAMS 0x0000000089700000, 0x0000000089700000| Untracked 
| 152|0x0000000089800000, 0x0000000089800000, 0x0000000089900000|  0%| F|  |TAMS 0x0000000089800000, 0x0000000089800000| Untracked 
| 153|0x0000000089900000, 0x0000000089900000, 0x0000000089a00000|  0%| F|  |TAMS 0x0000000089900000, 0x0000000089900000| Untracked 
| 154|0x0000000089a00000, 0x0000000089b00000, 0x0000000089b00000|100%| O|  |TAMS 0x0000000089b00000, 0x0000000089b00000| Untracked 
| 155|0x0000000089b00000, 0x0000000089b894a8, 0x0000000089c00000| 53%| E|  |TAMS 0x0000000089b00000, 0x0000000089b00000| Complete 

Card table byte_map: [0x0000021d60410000,0x0000021d60810000] _byte_map_base: 0x0000021d60010000

Marking Bits (Prev, Next): (CMBitMap*) 0x0000021d4b74ca50, (CMBitMap*) 0x0000021d4b74ca18
 Prev Bits: [0x0000021d62c10000, 0x0000021d64c10000)
 Next Bits: [0x0000021d60c10000, 0x0000021d62c10000)

Polling page: 0x0000021d4b7f0000

Metaspace:

Usage:
  Non-class:     96.12 MB capacity,    94.20 MB ( 98%) used,     1.55 MB (  2%) free+waste,   376.00 KB ( <1%) overhead. 
      Class:     15.02 MB capacity,    13.86 MB ( 92%) used,  1013.94 KB (  7%) free+waste,   175.00 KB (  1%) overhead. 
       Both:    111.14 MB capacity,   108.06 MB ( 97%) used,     2.54 MB (  2%) free+waste,   551.00 KB ( <1%) overhead. 

Virtual space:
  Non-class space:      102.00 MB reserved,      96.25 MB ( 94%) committed 
      Class space:        1.00 GB reserved,      15.07 MB (  1%) committed 
             Both:        1.10 GB reserved,     111.32 MB ( 10%) committed 

Chunk freelists:
   Non-Class:  6.00 KB
       Class:  0 bytes
        Both:  5.00 KB

MaxMetaspaceSize: 17179869184.00 GB
CompressedClassSpaceSize: 1.00 GB

CodeHeap 'non-profiled nmethods': size=120064Kb used=6644Kb max_used=6644Kb free=113419Kb
 bounds [0x0000021d58490000, 0x0000021d58b10000, 0x0000021d5f9d0000]
CodeHeap 'profiled nmethods': size=120000Kb used=31315Kb max_used=31315Kb free=88684Kb
 bounds [0x0000021d50f60000, 0x0000021d52e00000, 0x0000021d58490000]
CodeHeap 'non-nmethods': size=5696Kb used=2319Kb max_used=2363Kb free=3376Kb
 bounds [0x0000021d509d0000, 0x0000021d50c40000, 0x0000021d50f60000]
 total_blobs=16317 nmethods=15370 adapters=858
 compilation: enabled
              stopped_count=0, restarted_count=0
 full_count=0

Compilation events (20 events):
Event: 235.078 Thread 0x0000021d6727d000 15898       3       com.android.tools.r8.internal.h3::a (2 bytes)
Event: 235.078 Thread 0x0000021d6727d000 nmethod 15898 0x0000021d52dce310 code [0x0000021d52dce4c0, 0x0000021d52dce5b8]
Event: 235.081 Thread 0x0000021d6727d000 15900 %     3       java.util.HashMap$EntrySpliterator::forEachRemaining @ 122 (183 bytes)
Event: 235.083 Thread 0x0000021d6727d000 nmethod 15900% 0x0000021d52dce690 code [0x0000021d52dce8c0, 0x0000021d52dcf1c8]
Event: 235.083 Thread 0x0000021d6727d000 15903       3       com.android.tools.r8.internal.Ps::a (115 bytes)
Event: 235.085 Thread 0x0000021d6727d000 nmethod 15903 0x0000021d52dcf490 code [0x0000021d52dcf700, 0x0000021d52dd02f8]
Event: 235.090 Thread 0x0000021d6727d000 15908       2       com.android.tools.r8.internal.A8::b (50 bytes)
Event: 235.090 Thread 0x0000021d6727d000 nmethod 15908 0x0000021d52dd0690 code [0x0000021d52dd0880, 0x0000021d52dd0a98]
Event: 235.091 Thread 0x0000021d6727d000 15910       2       com.android.tools.r8.internal.hu::get (134 bytes)
Event: 235.092 Thread 0x0000021d6727d000 nmethod 15910 0x0000021d52dd0c10 code [0x0000021d52dd0e20, 0x0000021d52dd1258]
Event: 235.092 Thread 0x0000021d6727d000 15911   !   2       com.android.tools.r8.internal.E8::a (1153 bytes)
Event: 235.113 Thread 0x0000021d6727d000 nmethod 15911 0x0000021d52dd1510 code [0x0000021d52dd1c60, 0x0000021d52dd4498]
Event: 235.113 Thread 0x0000021d6727d000 15913       2       com.android.tools.r8.internal.hu$d::getValue (13 bytes)
Event: 235.113 Thread 0x0000021d6727d000 nmethod 15913 0x0000021d52dd5d90 code [0x0000021d52dd5f40, 0x0000021d52dd6078]
Event: 235.113 Thread 0x0000021d6727d000 15912       2       com.android.tools.r8.internal.hu$f::hasNext (14 bytes)
Event: 235.114 Thread 0x0000021d6727d000 nmethod 15912 0x0000021d52dd6190 code [0x0000021d52dd6340, 0x0000021d52dd6458]
Event: 235.134 Thread 0x0000021d6727d000 15915       2       java.util.PriorityQueue::poll (81 bytes)
Event: 235.135 Thread 0x0000021d6727d000 nmethod 15915 0x0000021d52dd6510 code [0x0000021d52dd66e0, 0x0000021d52dd68f8]
Event: 235.175 Thread 0x0000021d6727d000 15916       2       com.android.tools.r8.internal.Ne::a (101 bytes)
Event: 235.179 Thread 0x0000021d6727d000 nmethod 15916 0x0000021d52dd6a10 code [0x0000021d52dd6c80, 0x0000021d52dd7478]

GC Heap History (20 events):
Event: 76.709 GC heap before
{Heap before GC invocations=28 (full 0):
 garbage-first heap   total 159744K, used 84444K [0x0000000080000000, 0x0000000100000000)
  region size 1024K, 7 young (7168K), 3 survivors (3072K)
 Metaspace       used 89741K, capacity 91912K, committed 92236K, reserved 1128448K
  class space    used 11455K, capacity 12236K, committed 12364K, reserved 1048576K
}
Event: 76.724 GC heap after
{Heap after GC invocations=29 (full 0):
 garbage-first heap   total 159744K, used 81370K [0x0000000080000000, 0x0000000100000000)
  region size 1024K, 1 young (1024K), 1 survivors (1024K)
 Metaspace       used 89741K, capacity 91912K, committed 92236K, reserved 1128448K
  class space    used 11455K, capacity 12236K, committed 12364K, reserved 1048576K
}
Event: 148.252 GC heap before
{Heap before GC invocations=29 (full 0):
 garbage-first heap   total 159744K, used 124378K [0x0000000080000000, 0x0000000100000000)
  region size 1024K, 44 young (45056K), 1 survivors (1024K)
 Metaspace       used 96800K, capacity 99163K, committed 99276K, reserved 1134592K
  class space    used 12356K, capacity 13187K, committed 13260K, reserved 1048576K
}
Event: 148.267 GC heap after
{Heap after GC invocations=30 (full 0):
 garbage-first heap   total 159744K, used 83322K [0x0000000080000000, 0x0000000100000000)
  region size 1024K, 3 young (3072K), 3 survivors (3072K)
 Metaspace       used 96800K, capacity 99163K, committed 99276K, reserved 1134592K
  class space    used 12356K, capacity 13187K, committed 13260K, reserved 1048576K
}
Event: 152.372 GC heap before
{Heap before GC invocations=31 (full 0):
 garbage-first heap   total 159744K, used 126330K [0x0000000080000000, 0x0000000100000000)
  region size 1024K, 46 young (47104K), 3 survivors (3072K)
 Metaspace       used 97545K, capacity 99848K, committed 100044K, reserved 1136640K
  class space    used 12370K, capacity 13198K, committed 13260K, reserved 1048576K
}
Event: 152.404 GC heap after
{Heap after GC invocations=32 (full 0):
 garbage-first heap   total 159744K, used 87323K [0x0000000080000000, 0x0000000100000000)
  region size 1024K, 6 young (6144K), 6 survivors (6144K)
 Metaspace       used 97545K, capacity 99848K, committed 100044K, reserved 1136640K
  class space    used 12370K, capacity 13198K, committed 13260K, reserved 1048576K
}
Event: 152.483 GC heap before
{Heap before GC invocations=32 (full 0):
 garbage-first heap   total 159744K, used 87323K [0x0000000080000000, 0x0000000100000000)
  region size 1024K, 7 young (7168K), 6 survivors (6144K)
 Metaspace       used 97552K, capacity 99855K, committed 100044K, reserved 1136640K
  class space    used 12371K, capacity 13200K, committed 13260K, reserved 1048576K
}
Event: 152.509 GC heap after
{Heap after GC invocations=33 (full 0):
 garbage-first heap   total 159744K, used 85541K [0x0000000080000000, 0x0000000100000000)
  region size 1024K, 1 young (1024K), 1 survivors (1024K)
 Metaspace       used 97552K, capacity 99855K, committed 100044K, reserved 1136640K
  class space    used 12371K, capacity 13200K, committed 13260K, reserved 1048576K
}
Event: 221.882 GC heap before
{Heap before GC invocations=33 (full 0):
 garbage-first heap   total 159744K, used 127525K [0x0000000080000000, 0x0000000100000000)
  region size 1024K, 43 young (44032K), 1 survivors (1024K)
 Metaspace       used 98031K, capacity 100349K, committed 100556K, reserved 1136640K
  class space    used 12382K, capacity 13217K, committed 13260K, reserved 1048576K
}
Event: 221.919 GC heap after
{Heap after GC invocations=34 (full 0):
 garbage-first heap   total 159744K, used 89345K [0x0000000080000000, 0x0000000100000000)
  region size 1024K, 5 young (5120K), 5 survivors (5120K)
 Metaspace       used 98031K, capacity 100349K, committed 100556K, reserved 1136640K
  class space    used 12382K, capacity 13217K, committed 13260K, reserved 1048576K
}
Event: 227.416 GC heap before
{Heap before GC invocations=35 (full 0):
 garbage-first heap   total 159744K, used 130305K [0x0000000080000000, 0x0000000100000000)
  region size 1024K, 44 young (45056K), 5 survivors (5120K)
 Metaspace       used 99601K, capacity 102038K, committed 102348K, reserved 1138688K
  class space    used 12553K, capacity 13410K, committed 13516K, reserved 1048576K
}
Event: 227.455 GC heap after
{Heap after GC invocations=36 (full 0):
 garbage-first heap   total 159744K, used 99321K [0x0000000080000000, 0x0000000100000000)
  region size 1024K, 6 young (6144K), 6 survivors (6144K)
 Metaspace       used 99601K, capacity 102038K, committed 102348K, reserved 1138688K
  class space    used 12553K, capacity 13410K, committed 13516K, reserved 1048576K
}
Event: 227.565 GC heap before
{Heap before GC invocations=36 (full 0):
 garbage-first heap   total 159744K, used 100345K [0x0000000080000000, 0x0000000100000000)
  region size 1024K, 7 young (7168K), 6 survivors (6144K)
 Metaspace       used 99609K, capacity 102038K, committed 102348K, reserved 1138688K
  class space    used 12553K, capacity 13410K, committed 13516K, reserved 1048576K
}
Event: 227.597 GC heap after
{Heap after GC invocations=37 (full 0):
 garbage-first heap   total 159744K, used 95720K [0x0000000080000000, 0x0000000100000000)
  region size 1024K, 1 young (1024K), 1 survivors (1024K)
 Metaspace       used 99609K, capacity 102038K, committed 102348K, reserved 1138688K
  class space    used 12553K, capacity 13410K, committed 13516K, reserved 1048576K
}
Event: 229.807 GC heap before
{Heap before GC invocations=37 (full 0):
 garbage-first heap   total 159744K, used 129512K [0x0000000080000000, 0x0000000100000000)
  region size 1024K, 33 young (33792K), 1 survivors (1024K)
 Metaspace       used 103032K, capacity 105646K, committed 105932K, reserved 1140736K
  class space    used 13043K, capacity 13993K, committed 14028K, reserved 1048576K
}
Event: 229.821 GC heap after
{Heap after GC invocations=38 (full 0):
 garbage-first heap   total 159744K, used 97589K [0x0000000080000000, 0x0000000100000000)
  region size 1024K, 3 young (3072K), 3 survivors (3072K)
 Metaspace       used 103032K, capacity 105646K, committed 105932K, reserved 1140736K
  class space    used 13043K, capacity 13993K, committed 14028K, reserved 1048576K
}
Event: 231.790 GC heap before
{Heap before GC invocations=38 (full 0):
 garbage-first heap   total 159744K, used 129333K [0x0000000080000000, 0x0000000100000000)
  region size 1024K, 35 young (35840K), 3 survivors (3072K)
 Metaspace       used 107151K, capacity 110049K, committed 110156K, reserved 1144832K
  class space    used 13744K, capacity 14860K, committed 14924K, reserved 1048576K
}
Event: 231.821 GC heap after
{Heap after GC invocations=39 (full 0):
 garbage-first heap   total 159744K, used 103782K [0x0000000080000000, 0x0000000100000000)
  region size 1024K, 5 young (5120K), 5 survivors (5120K)
 Metaspace       used 107151K, capacity 110049K, committed 110156K, reserved 1144832K
  class space    used 13744K, capacity 14860K, committed 14924K, reserved 1048576K
}
Event: 234.353 GC heap before
{Heap before GC invocations=39 (full 0):
 garbage-first heap   total 159744K, used 130406K [0x0000000080000000, 0x0000000100000000)
  region size 1024K, 32 young (32768K), 5 survivors (5120K)
 Metaspace       used 110475K, capacity 113604K, committed 113740K, reserved 1146880K
  class space    used 14189K, capacity 15380K, committed 15436K, reserved 1048576K
}
Event: 234.383 GC heap after
{Heap after GC invocations=40 (full 0):
 garbage-first heap   total 159744K, used 105965K [0x0000000080000000, 0x0000000100000000)
  region size 1024K, 3 young (3072K), 3 survivors (3072K)
 Metaspace       used 110475K, capacity 113604K, committed 113740K, reserved 1146880K
  class space    used 14189K, capacity 15380K, committed 15436K, reserved 1048576K
}

Deoptimization events (20 events):
Event: 234.576 Thread 0x0000021d70420000 DEOPT PACKING pc=0x0000021d52d0d9b3 sp=0x000000eb941fc890
Event: 234.576 Thread 0x0000021d70420000 DEOPT UNPACKING pc=0x0000021d509f6abf sp=0x000000eb941fbd28 mode 0
Event: 234.584 Thread 0x0000021d70420000 DEOPT PACKING pc=0x0000021d52d0d9b3 sp=0x000000eb941fc890
Event: 234.584 Thread 0x0000021d70420000 DEOPT UNPACKING pc=0x0000021d509f6abf sp=0x000000eb941fbd28 mode 0
Event: 234.592 Thread 0x0000021d70420000 DEOPT PACKING pc=0x0000021d52d0d9b3 sp=0x000000eb941fc890
Event: 234.592 Thread 0x0000021d70420000 DEOPT UNPACKING pc=0x0000021d509f6abf sp=0x000000eb941fbd28 mode 0
Event: 234.595 Thread 0x0000021d70420000 DEOPT PACKING pc=0x0000021d52d0d9b3 sp=0x000000eb941fc890
Event: 234.596 Thread 0x0000021d70420000 DEOPT UNPACKING pc=0x0000021d509f6abf sp=0x000000eb941fbd28 mode 0
Event: 234.599 Thread 0x0000021d70420000 DEOPT PACKING pc=0x0000021d52d0d9b3 sp=0x000000eb941fc890
Event: 234.599 Thread 0x0000021d70420000 DEOPT UNPACKING pc=0x0000021d509f6abf sp=0x000000eb941fbd28 mode 0
Event: 234.602 Thread 0x0000021d70420000 DEOPT PACKING pc=0x0000021d52d0d9b3 sp=0x000000eb941fc890
Event: 234.602 Thread 0x0000021d70420000 DEOPT UNPACKING pc=0x0000021d509f6abf sp=0x000000eb941fbd28 mode 0
Event: 234.604 Thread 0x0000021d70420000 DEOPT PACKING pc=0x0000021d52d0d9b3 sp=0x000000eb941fc890
Event: 234.605 Thread 0x0000021d70420000 DEOPT UNPACKING pc=0x0000021d509f6abf sp=0x000000eb941fbd28 mode 0
Event: 234.608 Thread 0x0000021d70420000 DEOPT PACKING pc=0x0000021d52d0d9b3 sp=0x000000eb941fc890
Event: 234.609 Thread 0x0000021d70420000 DEOPT UNPACKING pc=0x0000021d509f6abf sp=0x000000eb941fbd28 mode 0
Event: 234.616 Thread 0x0000021d70420000 DEOPT PACKING pc=0x0000021d52d0d9b3 sp=0x000000eb941fc890
Event: 234.616 Thread 0x0000021d70420000 DEOPT UNPACKING pc=0x0000021d509f6abf sp=0x000000eb941fbd28 mode 0
Event: 235.054 Thread 0x0000021d70420000 DEOPT PACKING pc=0x0000021d52d5a803 sp=0x000000eb941fca40
Event: 235.054 Thread 0x0000021d70420000 DEOPT UNPACKING pc=0x0000021d509f6abf sp=0x000000eb941fc0b0 mode 0

Classes redefined (0 events):
No events

Internal exceptions (20 events):
Event: 230.751 Thread 0x0000021d7041e800 Exception <a 'java/lang/NoSuchMethodError'{0x000000008834b630}: 'java.lang.Object java.lang.invoke.DirectMethodHandle$Holder.invokeStatic(java.lang.Object, int, java.lang.Object, java.lang.Object)'> (0x000000008834b630) thrown at [./src/hotspot/share/interpreter/linkResolver.cpp, line 773]
Event: 231.235 Thread 0x0000021d7041f800 Exception <a 'java/lang/NoSuchMethodError'{0x0000000087fe6f88}: 'java.lang.Object java.lang.invoke.Invokers$Holder.linkToTargetMethod(java.lang.Object, java.lang.Object, java.lang.Object, java.lang.Object, java.lang.Object, java.lang.Object, java.lang.Object)'> (0x0000000087fe6f88) thrown at [./src/hotspot/share/interpreter/linkResolver.cpp, line 773]
Event: 231.237 Thread 0x0000021d7041e800 Exception <a 'java/lang/NoSuchMethodError'{0x00000000880ffab0}: 'java.lang.Object java.lang.invoke.Invokers$Holder.linkToTargetMethod(java.lang.Object, java.lang.Object, java.lang.Object, java.lang.Object, java.lang.Object, java.lang.Object, java.lang.Object)'> (0x00000000880ffab0) thrown at [./src/hotspot/share/interpreter/linkResolver.cpp, line 773]
Event: 231.638 Thread 0x0000021d7041e800 Exception <a 'java/lang/NoSuchMethodError'{0x0000000087c896d8}: 'java.lang.Object java.lang.invoke.DirectMethodHandle$Holder.invokeVirtual(java.lang.Object, java.lang.Object, int, java.lang.Object)'> (0x0000000087c896d8) thrown at [./src/hotspot/share/interpreter/linkResolver.cpp, line 773]
Event: 231.639 Thread 0x0000021d70420000 Exception <a 'java/lang/NoSuchMethodError'{0x0000000087c7d518}: 'java.lang.Object java.lang.invoke.DirectMethodHandle$Holder.invokeVirtual(java.lang.Object, java.lang.Object, int, java.lang.Object)'> (0x0000000087c7d518) thrown at [./src/hotspot/share/interpreter/linkResolver.cpp, line 773]
Event: 231.646 Thread 0x0000021d7041d800 Exception <a 'java/lang/NoSuchMethodError'{0x0000000087ef59c8}: 'java.lang.Object java.lang.invoke.DirectMethodHandle$Holder.invokeVirtual(java.lang.Object, java.lang.Object, int, java.lang.Object)'> (0x0000000087ef59c8) thrown at [./src/hotspot/share/interpreter/linkResolver.cpp, line 773]
Event: 231.731 Thread 0x0000021d7041d800 Exception <a 'java/lang/IncompatibleClassChangeError'{0x0000000087b648b0}: Found class java.lang.Object, but interface was expected> (0x0000000087b648b0) thrown at [./src/hotspot/share/interpreter/linkResolver.cpp, line 839]
Event: 231.734 Thread 0x0000021d7041d800 Exception <a 'java/lang/IncompatibleClassChangeError'{0x0000000087b6d9d8}: Found class java.lang.Object, but interface was expected> (0x0000000087b6d9d8) thrown at [./src/hotspot/share/interpreter/linkResolver.cpp, line 839]
Event: 231.834 Thread 0x0000021d7041f800 Exception <a 'java/lang/NoSuchMethodError'{0x0000000089b0f300}: 'void java.lang.invoke.DirectMethodHandle$Holder.invokeVirtual(java.lang.Object, java.lang.Object, int, java.lang.Object)'> (0x0000000089b0f300) thrown at [./src/hotspot/share/interpreter/linkResolver.cpp, line 773]
Event: 232.078 Thread 0x0000021d7041d800 Exception <a 'java/lang/NoSuchMethodError'{0x00000000898bdad8}: 'int java.lang.invoke.DirectMethodHandle$Holder.invokeSpecial(java.lang.Object, java.lang.Object, java.lang.Object, int, java.lang.Object)'> (0x00000000898bdad8) thrown at [./src/hotspot/share/interpreter/linkResolver.cpp, line 773]
Event: 232.132 Thread 0x0000021d7041e800 Exception <a 'java/lang/NoSuchMethodError'{0x000000008971a7b8}: 'java.lang.Object java.lang.invoke.DirectMethodHandle$Holder.newInvokeSpecial(java.lang.Object, int)'> (0x000000008971a7b8) thrown at [./src/hotspot/share/interpreter/linkResolver.cpp, line 773]
Event: 232.133 Thread 0x0000021d7041d800 Exception <a 'java/lang/NoSuchMethodError'{0x0000000089728058}: 'java.lang.Object java.lang.invoke.DirectMethodHandle$Holder.newInvokeSpecial(java.lang.Object, int)'> (0x0000000089728058) thrown at [./src/hotspot/share/interpreter/linkResolver.cpp, line 773]
Event: 232.837 Thread 0x0000021d7041e800 Exception <a 'java/lang/NoSuchMethodError'{0x00000000892f8980}: 'java.lang.Object java.lang.invoke.Invokers$Holder.linkToTargetMethod(java.lang.Object, int, java.lang.Object, java.lang.Object, java.lang.Object, java.lang.Object)'> (0x00000000892f8980) thrown at [./src/hotspot/share/interpreter/linkResolver.cpp, line 773]
Event: 232.839 Thread 0x0000021d7041e800 Exception <a 'java/lang/NoSuchMethodError'{0x00000000892fc638}: 'void java.lang.invoke.DirectMethodHandle$Holder.invokeSpecial(java.lang.Object, java.lang.Object, java.lang.Object, java.lang.Object, java.lang.Object, java.lang.Object, java.lang.Object, java.lang.Object, java.lang.Object)'> (0x00000000892fc638) thrown at [./src/hotspot/share/interpreter/linkResolver.cpp, line 773]
Event: 232.848 Thread 0x0000021d7041e800 Exception <a 'java/lang/NoSuchMethodError'{0x0000000089176f40}: 'void java.lang.invoke.DirectMethodHandle$Holder.invokeStatic(java.lang.Object, java.lang.Object, java.lang.Object, java.lang.Object, java.lang.Object, java.lang.Object, java.lang.Object, java.lang.Object)'> (0x0000000089176f40) thrown at [./src/hotspot/share/interpreter/linkResolver.cpp, line 773]
Event: 233.200 Thread 0x0000021d7041e800 Exception <a 'java/lang/IncompatibleClassChangeError'{0x0000000088c36ae8}: Found class java.lang.Object, but interface was expected> (0x0000000088c36ae8) thrown at [./src/hotspot/share/interpreter/linkResolver.cpp, line 839]
Event: 233.416 Thread 0x0000021d7041e800 Exception <a 'java/lang/NoSuchMethodError'{0x00000000888040a8}: 'void java.lang.invoke.DirectMethodHandle$Holder.invokeVirtual(java.lang.Object, java.lang.Object, int)'> (0x00000000888040a8) thrown at [./src/hotspot/share/interpreter/linkResolver.cpp, line 773]
Event: 233.519 Thread 0x0000021d7041e800 Exception <a 'sun/nio/fs/WindowsException'{0x0000000088645908}> (0x0000000088645908) thrown at [./src/hotspot/share/prims/jni.cpp, line 615]
Event: 233.525 Thread 0x0000021d7041d800 Exception <a 'sun/nio/fs/WindowsException'{0x0000000088785b40}> (0x0000000088785b40) thrown at [./src/hotspot/share/prims/jni.cpp, line 615]
Event: 233.572 Thread 0x0000021d7041e800 Exception <a 'sun/nio/fs/WindowsException'{0x00000000885a2b10}> (0x00000000885a2b10) thrown at [./src/hotspot/share/prims/jni.cpp, line 615]

Events (20 events):
Event: 233.506 loading class com/android/tools/r8/dex/m done
Event: 233.507 loading class com/android/tools/r8/graph/P
Event: 233.507 loading class com/android/tools/r8/graph/P done
Event: 233.507 loading class com/android/tools/r8/dex/m
Event: 233.507 loading class com/android/tools/r8/dex/m done
Event: 233.513 loading class java/util/zip/Adler32 done
Event: 233.516 loading class com/android/tools/r8/dex/m$a
Event: 233.516 loading class com/android/tools/r8/dex/m$a done
Event: 233.517 loading class com/android/tools/r8/ByteDataView
Event: 233.517 loading class com/android/tools/r8/ByteDataView done
Event: 233.520 loading class com/android/tools/r8/internal/B7
Event: 233.520 loading class com/android/tools/r8/internal/B7 done
Event: 233.521 loading class com/android/tools/r8/internal/A7
Event: 233.521 loading class com/android/tools/r8/internal/A7 done
Event: 233.522 loading class com/android/tools/r8/internal/z7
Event: 233.522 loading class com/android/tools/r8/internal/z7 done
Event: 233.614 loading class com/android/tools/r8/internal/Gg
Event: 233.614 loading class com/android/tools/r8/internal/Gg done
Event: 234.353 Executing VM operation: G1CollectForAllocation
Event: 234.383 Executing VM operation: G1CollectForAllocation done


Dynamic libraries:
0x00007ff779030000 - 0x00007ff77903a000 	C:\Program Files\Android\Android Studio\jre\bin\java.exe
0x00007ffd9d310000 - 0x00007ffd9d505000 	C:\windows\SYSTEM32\ntdll.dll
0x00007ffd9bcd0000 - 0x00007ffd9bd8e000 	C:\windows\System32\KERNEL32.DLL
0x00007ffd9b090000 - 0x00007ffd9b358000 	C:\windows\System32\KERNELBASE.dll
0x00007ffd9aac0000 - 0x00007ffd9abc0000 	C:\windows\System32\ucrtbase.dll
0x00007ffd7e750000 - 0x00007ffd7e767000 	C:\Program Files\Android\Android Studio\jre\bin\VCRUNTIME140.dll
0x00007ffd7e730000 - 0x00007ffd7e749000 	C:\Program Files\Android\Android Studio\jre\bin\jli.dll
0x00007ffd9bd90000 - 0x00007ffd9bf31000 	C:\windows\System32\USER32.dll
0x00007ffd9abc0000 - 0x00007ffd9abe2000 	C:\windows\System32\win32u.dll
0x00007ffd8ba30000 - 0x00007ffd8bcca000 	C:\windows\WinSxS\amd64_microsoft.windows.common-controls_6595b64144ccf1df_6.0.19041.1110_none_60b5254171f9507e\COMCTL32.dll
0x00007ffd9b640000 - 0x00007ffd9b66b000 	C:\windows\System32\GDI32.dll
0x00007ffd9ace0000 - 0x00007ffd9adeb000 	C:\windows\System32\gdi32full.dll
0x00007ffd9abf0000 - 0x00007ffd9ac8d000 	C:\windows\System32\msvcp_win.dll
0x00007ffd9caf0000 - 0x00007ffd9cb8e000 	C:\windows\System32\msvcrt.dll
0x00007ffd9c570000 - 0x00007ffd9c5a0000 	C:\windows\System32\IMM32.DLL
0x00007ffd558a0000 - 0x00007ffd5593d000 	C:\Program Files\Android\Android Studio\jre\bin\msvcp140.dll
0x00007ffd6c7a0000 - 0x00007ffd6d26f000 	C:\Program Files\Android\Android Studio\jre\bin\server\jvm.dll
0x00007ffd9c5a0000 - 0x00007ffd9c64c000 	C:\windows\System32\ADVAPI32.dll
0x00007ffd9c650000 - 0x00007ffd9c6eb000 	C:\windows\System32\sechost.dll
0x00007ffd9c800000 - 0x00007ffd9c92a000 	C:\windows\System32\RPCRT4.dll
0x00007ffd9b670000 - 0x00007ffd9b678000 	C:\windows\System32\PSAPI.DLL
0x00007ffd86360000 - 0x00007ffd86387000 	C:\windows\SYSTEM32\WINMM.dll
0x00007ffd8fa00000 - 0x00007ffd8fa0a000 	C:\windows\SYSTEM32\VERSION.dll
0x00007ffd94f80000 - 0x00007ffd94f89000 	C:\windows\SYSTEM32\WSOCK32.dll
0x00007ffd9c3d0000 - 0x00007ffd9c43b000 	C:\windows\System32\WS2_32.dll
0x00007ffd992b0000 - 0x00007ffd992c2000 	C:\windows\SYSTEM32\kernel.appcore.dll
0x00007ffd94f50000 - 0x00007ffd94f61000 	C:\Program Files\Android\Android Studio\jre\bin\verify.dll
0x00007ffd88800000 - 0x00007ffd889e4000 	C:\windows\SYSTEM32\DBGHELP.DLL
0x00007ffd89a80000 - 0x00007ffd89aac000 	C:\windows\SYSTEM32\dbgcore.DLL
0x00007ffd9aa30000 - 0x00007ffd9aab3000 	C:\windows\System32\bcryptPrimitives.dll
0x00007ffd948c0000 - 0x00007ffd948e9000 	C:\Program Files\Android\Android Studio\jre\bin\java.dll
0x00007ffd94f40000 - 0x00007ffd94f4b000 	C:\Program Files\Android\Android Studio\jre\bin\jimage.dll
0x00007ffd949b0000 - 0x00007ffd949c8000 	C:\Program Files\Android\Android Studio\jre\bin\zip.dll
0x00007ffd9cb90000 - 0x00007ffd9d2cf000 	C:\windows\System32\SHELL32.dll
0x00007ffd98900000 - 0x00007ffd99090000 	C:\windows\SYSTEM32\windows.storage.dll
0x00007ffd9b840000 - 0x00007ffd9bb95000 	C:\windows\System32\combase.dll
0x00007ffd9a3b0000 - 0x00007ffd9a3de000 	C:\windows\SYSTEM32\Wldp.dll
0x00007ffd9bc20000 - 0x00007ffd9bccd000 	C:\windows\System32\SHCORE.dll
0x00007ffd9ca90000 - 0x00007ffd9cae5000 	C:\windows\System32\shlwapi.dll
0x00007ffd9a970000 - 0x00007ffd9a98f000 	C:\windows\SYSTEM32\profapi.dll
0x00007ffd945f0000 - 0x00007ffd9460a000 	C:\Program Files\Android\Android Studio\jre\bin\net.dll
0x00007ffd8b2d0000 - 0x00007ffd8b3dc000 	C:\windows\SYSTEM32\WINHTTP.dll
0x00007ffd9a110000 - 0x00007ffd9a17a000 	C:\windows\system32\mswsock.dll
0x00007ffd93280000 - 0x00007ffd93294000 	C:\Program Files\Android\Android Studio\jre\bin\nio.dll
0x00007ffd750b0000 - 0x00007ffd750d7000 	C:\Users\Nadhif\.gradle\native\8bec1ad78214c89d9ad589b4d07fe93259594b29d510b10fafb7a158f7737e5d\windows-amd64\native-platform.dll
0x00007ffd6d330000 - 0x00007ffd6d46d000 	C:\Users\Nadhif\.gradle\native\53dbd7edfb1c66fb8903c78663c9afc45aea4f116125fa6feffd364cf09443e8\windows-amd64\native-platform-file-events.dll
0x00007ffd94900000 - 0x00007ffd9490a000 	C:\Program Files\Android\Android Studio\jre\bin\management.dll
0x00007ffd945e0000 - 0x00007ffd945ec000 	C:\Program Files\Android\Android Studio\jre\bin\management_ext.dll
0x00007ffd9a300000 - 0x00007ffd9a318000 	C:\windows\SYSTEM32\CRYPTSP.dll
0x00007ffd99a90000 - 0x00007ffd99ac4000 	C:\windows\system32\rsaenh.dll
0x00007ffd9b060000 - 0x00007ffd9b087000 	C:\windows\System32\bcrypt.dll
0x00007ffd9a8f0000 - 0x00007ffd9a91e000 	C:\windows\SYSTEM32\USERENV.dll
0x00007ffd9a320000 - 0x00007ffd9a32c000 	C:\windows\SYSTEM32\CRYPTBASE.dll
0x00007ffd99e00000 - 0x00007ffd99e3b000 	C:\windows\SYSTEM32\IPHLPAPI.DLL
0x00007ffd9b680000 - 0x00007ffd9b688000 	C:\windows\System32\NSI.dll
0x00007ffd8ed00000 - 0x00007ffd8ed17000 	C:\windows\SYSTEM32\dhcpcsvc6.DLL
0x00007ffd8fa10000 - 0x00007ffd8fa2d000 	C:\windows\SYSTEM32\dhcpcsvc.DLL
0x00007ffd99e40000 - 0x00007ffd99f0b000 	C:\windows\SYSTEM32\DNSAPI.dll

dbghelp: loaded successfully - version: 4.0.5 - missing functions: none
symbol engine: initialized successfully - sym options: 0x614 - pdb path: .;C:\Program Files\Android\Android Studio\jre\bin;C:\windows\SYSTEM32;C:\windows\WinSxS\amd64_microsoft.windows.common-controls_6595b64144ccf1df_6.0.19041.1110_none_60b5254171f9507e;C:\Program Files\Android\Android Studio\jre\bin\server;C:\Users\Nadhif\.gradle\native\8bec1ad78214c89d9ad589b4d07fe93259594b29d510b10fafb7a158f7737e5d\windows-amd64;C:\Users\Nadhif\.gradle\native\53dbd7edfb1c66fb8903c78663c9afc45aea4f116125fa6feffd364cf09443e8\windows-amd64

VM Arguments:
jvm_args: --add-opens=java.base/java.util=ALL-UNNAMED --add-opens=java.base/java.lang=ALL-UNNAMED --add-opens=java.base/java.lang.invoke=ALL-UNNAMED --add-opens=java.base/java.util=ALL-UNNAMED --add-opens=java.prefs/java.util.prefs=ALL-UNNAMED --add-opens=java.prefs/java.util.prefs=ALL-UNNAMED --add-opens=java.base/java.nio.charset=ALL-UNNAMED --add-opens=java.base/java.net=ALL-UNNAMED --add-opens=java.base/java.util.concurrent.atomic=ALL-UNNAMED -Xmx2048m -Dfile.encoding=UTF-8 -Duser.country=US -Duser.language=en -Duser.variant 
java_command: org.gradle.launcher.daemon.bootstrap.GradleDaemon 7.0.2
java_class_path (initial): C:\Users\Nadhif\.gradle\wrapper\dists\gradle-7.0.2-bin\857tjihv64xamwrf0h14cai3r\gradle-7.0.2\lib\gradle-launcher-7.0.2.jar
Launcher Type: SUN_STANDARD

[Global flags]
     intx CICompilerCount                          = 3                                         {product} {ergonomic}
     uint ConcGCThreads                            = 1                                         {product} {ergonomic}
     uint G1ConcRefinementThreads                  = 4                                         {product} {ergonomic}
   size_t G1HeapRegionSize                         = 1048576                                   {product} {ergonomic}
    uintx GCDrainStackTargetSize                   = 64                                        {product} {ergonomic}
   size_t InitialHeapSize                          = 134217728                                 {product} {ergonomic}
   size_t MarkStackSize                            = 4194304                                   {product} {ergonomic}
   size_t MaxHeapSize                              = 2147483648                                {product} {command line}
   size_t MaxNewSize                               = 1287651328                                {product} {ergonomic}
   size_t MinHeapDeltaBytes                        = 1048576                                   {product} {ergonomic}
    uintx NonNMethodCodeHeapSize                   = 5830732                                {pd product} {ergonomic}
    uintx NonProfiledCodeHeapSize                  = 122913754                              {pd product} {ergonomic}
    uintx ProfiledCodeHeapSize                     = 122913754                              {pd product} {ergonomic}
    uintx ReservedCodeCacheSize                    = 251658240                              {pd product} {ergonomic}
     bool SegmentedCodeCache                       = true                                      {product} {ergonomic}
     bool UseCompressedClassPointers               = true                                 {lp64_product} {ergonomic}
     bool UseCompressedOops                        = true                                 {lp64_product} {ergonomic}
     bool UseG1GC                                  = true                                      {product} {ergonomic}
     bool UseLargePagesIndividualAllocation        = false                                  {pd product} {ergonomic}

Logging:
Log output configuration:
 #0: stdout all=warning uptime,level,tags
 #1: stderr all=off uptime,level,tags

Environment Variables:
PATH=C:\Program Files\Common Files\Oracle\Java\javapath;C:\windows\system32;C:\windows;C:\windows\System32\Wbem;C:\windows\System32\WindowsPowerShell\v1.0\;C:\windows\System32\OpenSSH\;C:\Program Files\Microsoft SQL Server\110\Tools\Binn\;C:\Users\Nadhif\AppData\Local\Microsoft\WindowsApps;C:\adb;C:\Users\Nadhif\AppData\Local\Microsoft\WindowsApps;;C:\Users\Nadhif\AppData\Local\Programs\Microsoft VS Code\bin
USERNAME=Nadhif
OS=Windows_NT
PROCESSOR_IDENTIFIER=Intel64 Family 6 Model 76 Stepping 3, GenuineIntel



---------------  S Y S T E M  ---------------

OS: Windows 10 , 64 bit Build 19041 (10.0.19041.1348)
OS uptime: 1 days 4:20 hours

CPU:total 4 (initial active 4) (4 cores per cpu, 1 threads per core) family 6 model 76 stepping 3 microcode 0x368, cmov, cx8, fxsr, mmx, sse, sse2, sse3, ssse3, sse4.1, sse4.2, popcnt, aes, clmul, erms, 3dnowpref, tsc, tscinvbit

Memory: 4k page, system-wide physical 8104M (164M free)
TotalPageFile size 11104M (AvailPageFile size 2M)
current process WorkingSet (physical memory assigned to process): 424M, peak: 437M
current process commit charge ("private bytes"): 454M, peak: 463M

vm_info: OpenJDK 64-Bit Server VM (11.0.10+0-b96-7249189) for windows-amd64 JRE (11.0.10+0-b96-7249189), built on Mar 31 2021 21:44:00 by "builder" with MS VC++ 14.0 (VS2015)

END.
