Multi-OEM/Retail Project Version : CY20M09D11-R129.0.BL - BaseLine [MDL Forum ONLY] 
 
The extracted OEM's folder structure appears correct. 
 
Installed DotNet Framework{s} : v1.1.4322, v2.0.50727, v3.5, v4.0.30319, v4.8.x or later {Rev:528372} 
Installed Powershell Versions : 1.0, 2.0, 3.0, 4.0, 5.0, 5.1 
Using 'MRPConfig.ini' File    : No - Using default settings. 
 
MRP Extra Debug Logging Mode  : Enabled  
W10 TitleBar Color            : Disabled - Default Color of theme will be used. 
Highlight Colorization        : Disabled - Default Color of theme will be used. 
Change Lock/Login Screen's    : Enabled  - Screen's will be replaced as defined by user's option. 
Confirm File Delete           : Disabled - User is not notified when a file/folder is being deleted. {Win8.x/10 Kernels} 
Show 'ThisPC' On Desktop      : Disabled - The icon is not displayed on the Desktop. 
 
[START] Primary/Branding script routines begin. 
[OSINF] ============================================================= 
[OSINF] =================[ Detected OS Information ]================= 
[OSINF] ============================================================= 
[OSINF] OS Install Date/Time  : 01/16/2021 {UTC} -- 03:15am 
[OSINF] Installation Type     : Client {Non Server} 
[OSINF] HyperVisor Detected   : No 
[OSINF] Domain Detected       : No 
[OSINF] Full Name             : Microsoft Windows 10 Home 
[OSINF] Stock Keeping Unit #  : 101 
[OSINF] Version {SKU}         : Windows 10 Home {101} 
[OSINF] Edition {Registry}    : Core 
[OSINF] Edition {Composition} : Core 
[OSINF] Edition {Type}        : General 
[OSINF] Architecture          : 64 Bit {AR:1} 
[OSINF] Release Identifier    : 2009 
[OSINF] Build Information     : 19041.1.amd64fre.vb_release.191206-1406 
[OSINF] Reference Version     : 10.0.19041.1 
[OSINF] ProductID Reference   : 3261 
[OSINF] Update Build Revision : 685 
[OSINF] Base Build Rev Number : 1 {0x1h} 
[OSINF] General UILang/Code   : en-US / 1033 {0x409h} 
[OSINF] General Locale        : English – United States 
[OSINF] GeoID Nation ISO Loc  : United States [244] 
[OSINF] GeoID Nation CUR Loc  : United States [244] 
[OSINF] Time Zone Data        : Pacific Standard Time 
[OSINF] Daylight Saving Mode  : No 
[MBINF] ============================================================= 
[MBINF] =================[ Motherboard Information ]================= 
[MBINF] ============================================================= 
[MBINF] #01 CS Product Name   : [80M2]  
[MBINF] #02 CS Model Name     : [80M2]  
[MBINF] #03 CS Base Product   : [Paris G 4A6]  
[MBINF] #04 CS Vendor Name    : [LENOVO]  
[MBINF] #05 CS System Name    : [LENOVO]  
[MBINF] #06 Baseboard Name    : [LENOVO]  
[MBINF] #08 BIOS or SLIC ID 1 : [LENOVO - 1]  
[MBINF] #09 SLIC Information  : [v2.1 - SLIC table with marker present]  
[MBINF] #11 MSDM Information  : [MSDM Table OK, 'Lenovo' Brand Detected]  
[MBINF] Chassis Type          : [Notebook {10}]  
[MBINF] PC System Type        : [Mobile {0x2}]  
[BDINF] ============================================================= 
[BDINF] ==================[ Main BIOS Information ]================== 
[BDINF] ============================================================= 
[BDINF] Manufacturer          : [LENOVO]  
[BDINF] Version               : [C9CN35WW]  
[BDINF] Release Date          : [09/15/2015]  
[MPINF] ============================================================= 
[MPINF] ===================[ Processor Information ]================= 
[MPINF] ============================================================= 
[MPINF] Full Name             : [Intel{R} Celeron{R} CPU N3150 @ 1.60GHz]  
[MPINF] Description           : [Intel64 Family 6 Model 76 Stepping 3]  
[MPINF] Architecture          : [32/64 Bit]  
[MPINF] Max Clock Speed       : [1.6 GHz] {Rounded Value}  
[MPINF] Manufacturer ID Data  : [GenuineIntel]  
[MPINF] CPUID Signature       : [0406C3]  
[MPINF] Revision Number       : [4c03]  
[MPINF] Sockets/CPU's Present : [1]  
[MPINF] Cores/Threads         : [4] / [4]   
[MPINF] VT Firmware Mode      : [Enabled]  
[MMINF] ============================================================= 
[MMINF] ====================[ Memory Information ]=================== 
[MMINF] ============================================================= 
[MMINF] Total Physical        : 1.91 GiB  
[MMINF] Used During Setup     : 538.77 MiB  
[MMINF] Available             : 1.39 GiB [72.52%] 
[MMINF] Type Number           : 3  
[MMINF] Design Type           : DDR3  
[MMINF] Category              : Non-ECC  
[MMINF] Max Capacity          : 8192 MiB - Depends on how the Chipset's memory array handles this information.  
[MELSP] ============================================================= 
[MELSP] ===============[ Intel: Meltdown/Spectre Data ]============== 
[MELSP] ============================================================= 
[MELSP] CPU Performance Rating - Slower. 
[MELSP] This system appears to be protected against Meltdown and most of the current Spectre variants. 
[MELSP] Meltdown protection is enabled, however the CPU's performance will be affected. 
[MELSP] Checked using 'InSpectre' from Gibson Research: https://www.grc.com/inspectre.htm 
[SUOEA] ============================================================= 
[SUOEA] ===[ Show Other User Options Applied/Enabled Or Disabled ]=== 
[SUOEA] ============================================================= 
[SUOEA] =====================[ Applied Options ]===================== 
[SUOEA] ============================================================= 
[CPANV] Set the Control Panel's view to Category {Default}.  
[SATCM] No 'Administrative Tools' Context Menu items was user selected for addition. 
[AAFAS] Allow Apps from anywhere, default setting.  
[SUOEA] ============================================================= 
[SUOEA] =====================[ Enabled Options ]===================== 
[SUOEA] ============================================================= 
[SCADV] The shortcut's arrow design is set to: OS Default  
[TBARV] Taskbar view is set to Default. {Always combine, hide labels}  
[SUOEA] =================================================== 
[SUOEA] ==============[ Disabled MRP Options ]============= 
[SUOEA] =================================================== 
[NODRS] The 'Disable Driver Searching' tweak can not be used on a 'Core' Edition.  
[WUNFY] The 'Set Windows Update to notify mode' option was auto-disabled because a 'Core' Edition was detected.  
[REPDR] ====================================================== 
[REPDR] ===[ Retail.txt/Ei.cfg/PID.txt Detection Routines ]=== 
[REPDR] ====================================================== 
[REPDR] Note: Some results may be shown as 'not detected' if the install medium was removed during OS installation. 
[REPDR] The 'Retail.txt' file was not detected within the 'Scripts' folder. 
[REPDR] The 'ei.cfg' file was detected within the 'D:\sources' folder. [DV]  
[REPDR] The 'PID.txt' file was not detected.  
[CKDMI] ============================================================= 
[CKDMI] ===[ Querying DMI For OEM Manufacturer Brand Information ]=== 
[CKDMI] ============================================================= 
[CKDCF] No DMI conflicts was found. 
[CKDCF] DMI query routine has completed. 
[DCTPR] ============================================= 
[DCTPR] ===[ DMI or Custom Theme Data Processing ]=== 
[DCTPR] ============================================= 
[DCTPR] Lenovo [#04] Manufacturer was detected for automated theme/branding. 
[SYSPD] ======================================= 
[SYSPD] ===[ Model Name Processing Routine ]=== 
[SYSPD] ======================================= 
[SETMN] BIOS defined '80M2' model name has been applied. 
[TBPRT] =================================== 
[TBPRT] ===[ Theme Processing Routines ]=== 
[TBPRT] =================================== 
[USRFT] The User's specified theme was not defined.  
[TBTMS] =========================================== 
[TBTMS] ===[ Brand Transfer Management Routine ]=== 
[TBTMS] =========================================== 
[RMXML] The OOBE.xml file has been processed.  
[WPCHK] Wallpaper.jpg was transferred. 
[BGDFC] The brand's 'Backgrounds' folder was created. 
[BGDFC] The brand's 'BackgroundDefault.jpg' file was generated from the 'Wallpaper.jpg' image. 
[W8XAP] ================================================= 
[W8XAP] ===[ Primary User Account Picture Management ]=== 
[W8XAP] ================================================= 
[UBREP] The primary 'User' account picture{s} was replaced with the theme's 'User810' image file. 
[WXAP2] ====================================================== 
[WXAP2] ===[ Additional User Account Picture's Management ]=== 
[WXAP2] ====================================================== 
[UPREP] User-32.png was replaced.  
[UPREP] User-40.png was replaced. 
[UPREP] User-48.png was replaced.  
[UPREP] User-192.png was replaced.  
[X8LLR] ==================================== 
[X8LLR] ===[ Lock\Log-On Screen Routine ]=== 
[X8LLR] ==================================== 
[WX8LS] Lock Screen 'img100' was replaced. Original renamed as img0100. 
[WX8LO] The Log-On Background 'img105' was replaced. Original renamed as img0105. 
[OTFTR] ============================================ 
[OTFTR] ===[ Brand/Theme Files Transfer Routine ]=== 
[OTFTR] ============================================ 
[OTFTR] The OS branding info theme folder was created. 
[EWBSC] Additional 'Wallpaper' file{s} was copied over for use as 'Desktop' backgrounds or a slideshow later, if required. 
[OTFTR] The theme's branding files have been transferred. 
[ATREP] The original 'Aero.theme' has been backed up and replaced. 
[ICTAO] Registry sections for 'InstallTheme' and 'CurrentTheme' set to '$OEM$.theme'. 
[ATHBA] Lenovo OEM brand theme has been applied.  
[SCFLD] ==================================================== 
[SCFLD] ===[ SetupComplete/FirstLogOn Scripts Detection ]=== 
[SCFLD] ==================================================== 
[SCDET] Note: The 'SetupComplete.cmd' file  was detected. 
[NOTES] Malfunction of the Project/Theme may happen if deletion of the 'Scripts' folder, or use of a forced Shutdown/Reboot command, is done within this file. 
[BSHCS] ============================================ 
[BSHCS] ===[ Primary/Branding Script Completion ]=== 
[BSHCS] ============================================ 
[BSHCS] Primary/Branding script has completed, SetupComplete.cmd script will now be run via Windows Setup. 
[BSHCS] ============================================ 
[RBOOT] --------------------------------[ OOBE Reboot via OS Setup ]-------------------------------- 
[ADMAN] =================================================== 
[ADMAN] ============[ Add-On Manager: Started ]============ 
[ADMAN] =================================================== 
[TFFIB] The theme's registry fix was applied. Reboot is required after setup completed. 
[XCORE] Detected that a 'Core' Edition was installed, a reboot is required to set the theme. 
[SATOU] =================================================== 
[SATOU] ====[ User Options that have now been applied ]==== 
[SATOU] =================================================== 
[SCADV] The shortcut's arrow design is set to: OS Default  
[TBARV] Taskbar view is set to Default. {Always combine, hide labels}  
[CMSDM] =============================================== 
[CMSDM] ===[ Querying BIOS for any MSDM Table Data ]=== 
[CMSDM] =============================================== 
[CMSDM] Edition Installed {E}  : Core {3261}  
[CMSDM] MSDM Key Applied       : Yes  
[CMSDM] Detected Key Group ID  : 3274   
[CMSDM] Key Edition ID         : CoreSingleLanguage  
[CMSDM] Key Information        : Win 10 CoreSingleLanguage  
[CMSDM] Key Data {Partial}     : xxxxx-xxxxx-xxxxx-xxxxx-HH64D  
[CMSDM] Detection Routine Used : 1  
[CMSDM] MSDM Brand Name        : LENOVO  
[CMSDM] Reason Status          : MSDM Key will be applied on the installed OS Edition  
[CMSDM] The detected MSDM Key can be used for the Edition installed, saved and applied. 
[CMSDM] The MSDM Key details have been saved to 'C:\MSDM-Key.txt' 
[USR10] ==================================================================================== 
[USR10] ===[ Theme Colorization, User Account Pictures and Remove DefaultUser0 Routines ]=== 
[USR10] ==================================================================================== 
[USRAC] The 'Enhanced' Log-On screen registry entry has been applied. 
[USRAC] User Account Picture's registry entries applied.  
[USRRO] Windows 'Registered Owner' {Winver} registry entry was corrected/set to the primary username. 
[USRD0] The 'defaultuser0' account was present, removal process has started. 
[RDUPM] Removal of the 'defaultuser0' account was successful. 
[AMBPS] ================================================================= 
[AMBPS] ===[ Check BIOS/Boot Mode, OS Partition Type/Controller Mode ]=== 
[AMBPS] ================================================================= 
[AMBPS] BIOS/Boot Mode  : {W} UEFI 
[AMBPS] Partition Type  : {W} GPT 
[AMBPS] Secure Boot     : {Q} Disabled 
[AMHDC] Controller Mode : {I} AHCI 
[CHKLS] ============================================= 
[CHKLS] ===[ Detecting License\Activation Status ]=== 
[CHKLS] ============================================= 
[CHKLS] License/Activation Status  : Notification 
[CHKLS] License Channel Status     : OEM:DM {PKC} 
[CHKLS] License Status Reason Code : 0xC004F034 
[CHKLS] License not found/invalid or could not connect to the Activation Server. 
[CHKLS] Online connection required to complete MSDM Activation. 
[ADMAN] =============================== 
[ADMAN] ===[ Finalization Routines ]=== 
[ADMAN] =============================== 
[CLNUP] Clean Up Routine Processed. 
[ADMAN] =================================== 
[ADMAN] ===[ Add-On Manager: Completed ]=== 
[ADMAN] =================================== 
[ENDAM] ----------------------------------------------------------------------------- 
[ENDAM] ========================================================================================= 
[ENDAM] =                                                                                       = 
[ENDAM] = Please Note: As User options, UserTweaks or Wintel scripts have been detected it is   = 
[ENDAM] =              required for a reboot cycle to allow these options/tweaks to take full   = 
[ENDAM] =              effect. This also allows any Theme related processes to complete.        = 
[ENDAM] =                                                                                       = 
[ENDAM] ========================================================================================= 
[ENDED] 
The Multi-OEM/Retail Project has completed. 
 
